<?xml version="1.0" encoding="UTF-8"?>
<testsuite name="BookingServiceImplTest" tests="2" skipped="0" failures="0" errors="0" timestamp="2022-06-24T12:28:28" hostname="Zulfugar-Aliyev.local" time="0.081">
  <properties/>
  <testcase name="isAvailable()" classname="BookingServiceImplTest" time="0.049"/>
  <testcase name="testBookSuccess()" classname="BookingServiceImplTest" time="0.031"/>
  <system-out><![CDATA[]]></system-out>
  <system-err><![CDATA[]]></system-err>
</testsuite>
